<?xml version="1.0" encoding="UTF-8"?>
<testng-results ignored="0" total="1" passed="1" failed="0" skipped="0">
  <reporter-output>
  </reporter-output>
  <suite started-at="2020-01-23T06:51:25 CST" name="Default suite" finished-at="2020-01-23T06:52:17 CST" duration-ms="52488">
    <groups>
    </groups>
    <test started-at="2020-01-23T06:51:25 CST" name="Default test" finished-at="2020-01-23T06:52:17 CST" duration-ms="52488">
      <class name="Excelsheet">
        <test-method is-config="true" signature="beforeTest()[pri:0, instance:Excelsheet@43ee72e6]" started-at="2020-01-23T06:51:25 CST" name="beforeTest" finished-at="2020-01-23T06:51:42 CST" duration-ms="17195" status="PASS">
          <reporter-output>
          </reporter-output>
        </test-method> <!-- beforeTest -->
        <test-method signature="testAut()[pri:0, instance:Excelsheet@43ee72e6]" started-at="2020-01-23T06:51:42 CST" name="testAut" finished-at="2020-01-23T06:52:13 CST" duration-ms="31096" status="PASS">
          <reporter-output>
          </reporter-output>
        </test-method> <!-- testAut -->
        <test-method is-config="true" signature="afterTest()[pri:0, instance:Excelsheet@43ee72e6]" started-at="2020-01-23T06:52:13 CST" name="afterTest" finished-at="2020-01-23T06:52:17 CST" duration-ms="4124" status="PASS">
          <reporter-output>
          </reporter-output>
        </test-method> <!-- afterTest -->
      </class> <!-- Excelsheet -->
    </test> <!-- Default test -->
  </suite> <!-- Default suite -->
</testng-results>
